<?xml version="1.0" encoding="UTF-8"?>
<!-- Generated by org.testng.reporters.JUnitReportReporter -->
<testsuite hostname="DESKTOP-0P7RLK5" name="APIGetrequest.SecoundAPI" tests="1" failures="0" timestamp="2 Aug 2020 15:51:00 GMT" time="7.428" errors="0">
  <testcase name="Parametgetrequest" time="7.428" classname="APIGetrequest.SecoundAPI"/>
</testsuite> <!-- APIGetrequest.SecoundAPI -->
